# JRE version: OpenJDK Runtime Environment Temurin-21.0.9+10 (21.0.9+10) (build 21.0.9+10-LTS)
# Java VM: OpenJDK 64-Bit Server VM Temurin-21.0.9+10 (21.0.9+10-LTS, mixed mode, sharing, tiered, compressed oops, compressed class ptrs, parallel gc, windows-amd64)
GC Precious Log:
 CardTable entry size: 512
 CPUs: 4 total, 4 available
 Memory: 3738M
 Large Page Support: Disabled
 NUMA Support: Disabled
 Compressed Oops: Enabled (32-bit)
 Alignments: Space 512K, Generation 512K, Heap 2M
 Heap Min Capacity: 100M
 Heap Initial Capacity: 100M
 Heap Max Capacity: 2G
 Pre-touch: Disabled
 Parallel Workers: 4
Heap:
 PSYoungGen      total 10240K, used 8186K [0x00000000d5580000, 0x00000000d6400000, 0x0000000100000000)
  eden space 9728K, 79% used [0x00000000d5580000,0x00000000d5d01d28,0x00000000d5f00000)
  from space 512K, 97% used [0x00000000d6280000,0x00000000d62fcba0,0x00000000d6300000)
  to   space 2560K, 0% used [0x00000000d5f00000,0x00000000d5f00000,0x00000000d6180000)
 ParOldGen       total 93696K, used 93462K [0x0000000080000000, 0x0000000085b80000, 0x00000000d5580000)
  object space 93696K, 99% used [0x0000000080000000,0x0000000085b458d8,0x0000000085b80000)
 Metaspace       used 76884K, committed 78656K, reserved 1179648K
  class space    used 8294K, committed 9088K, reserved 1048576K
GC Heap History (20 events):
Event: 88.578 GC heap before
{Heap before GC invocations=126 (full 3):
 PSYoungGen      total 12288K, used 11999K [0x00000000d5580000, 0x00000000d6500000, 0x0000000100000000)
  eden space 11264K, 99% used [0x00000000d5580000,0x00000000d606fd88,0x00000000d6080000)
  from space 1024K, 78% used [0x00000000d6400000,0x00000000d64c8000,0x00000000d6500000)
  to   space 1024K, 0% used [0x00000000d6300000,0x00000000d6300000,0x00000000d6400000)
 ParOldGen       total 85504K, used 85028K [0x0000000080000000, 0x0000000085380000, 0x00000000d5580000)
  object space 85504K, 99% used [0x0000000080000000,0x0000000085309070,0x0000000085380000)
 Metaspace       used 72405K, committed 73984K, reserved 1179648K
  class space    used 7687K, committed 8384K, reserved 1048576K
}
Event: 88.582 GC heap after
{Heap after GC invocations=126 (full 3):
 PSYoungGen      total 12288K, used 1011K [0x00000000d5580000, 0x00000000d6580000, 0x0000000100000000)
  eden space 11264K, 0% used [0x00000000d5580000,0x00000000d5580000,0x00000000d6080000)
  from space 1024K, 98% used [0x00000000d6300000,0x00000000d63fcd10,0x00000000d6400000)
  to   space 1536K, 0% used [0x00000000d6400000,0x00000000d6400000,0x00000000d6580000)
 ParOldGen       total 86528K, used 86224K [0x0000000080000000, 0x0000000085480000, 0x00000000d5580000)
  object space 86528K, 99% used [0x0000000080000000,0x00000000854340e0,0x0000000085480000)
 Metaspace       used 72405K, committed 73984K, reserved 1179648K
  class space    used 7687K, committed 8384K, reserved 1048576K
}
Event: 90.504 GC heap before
{Heap before GC invocations=127 (full 3):
 PSYoungGen      total 12288K, used 12273K [0x00000000d5580000, 0x00000000d6580000, 0x0000000100000000)
  eden space 11264K, 99% used [0x00000000d5580000,0x00000000d607f918,0x00000000d6080000)
  from space 1024K, 98% used [0x00000000d6300000,0x00000000d63fcd10,0x00000000d6400000)
  to   space 1536K, 0% used [0x00000000d6400000,0x00000000d6400000,0x00000000d6580000)
 ParOldGen       total 86528K, used 86224K [0x0000000080000000, 0x0000000085480000, 0x00000000d5580000)
  object space 86528K, 99% used [0x0000000080000000,0x00000000854340e0,0x0000000085480000)
 Metaspace       used 72534K, committed 74112K, reserved 1179648K
  class space    used 7701K, committed 8384K, reserved 1048576K
}
Event: 90.507 GC heap after
{Heap after GC invocations=127 (full 3):
 PSYoungGen      total 11776K, used 478K [0x00000000d5580000, 0x00000000d6480000, 0x0000000100000000)
  eden space 11264K, 0% used [0x00000000d5580000,0x00000000d5580000,0x00000000d6080000)
  from space 512K, 93% used [0x00000000d6400000,0x00000000d6477960,0x00000000d6480000)
  to   space 1536K, 0% used [0x00000000d6180000,0x00000000d6180000,0x00000000d6300000)
 ParOldGen       total 86528K, used 86368K [0x0000000080000000, 0x0000000085480000, 0x00000000d5580000)
  object space 86528K, 99% used [0x0000000080000000,0x00000000854580f0,0x0000000085480000)
 Metaspace       used 72534K, committed 74112K, reserved 1179648K
  class space    used 7701K, committed 8384K, reserved 1048576K
}
Event: 91.791 GC heap before
{Heap before GC invocations=128 (full 3):
 PSYoungGen      total 11776K, used 11738K [0x00000000d5580000, 0x00000000d6480000, 0x0000000100000000)
  eden space 11264K, 99% used [0x00000000d5580000,0x00000000d607f1d8,0x00000000d6080000)
  from space 512K, 93% used [0x00000000d6400000,0x00000000d6477960,0x00000000d6480000)
  to   space 1536K, 0% used [0x00000000d6180000,0x00000000d6180000,0x00000000d6300000)
 ParOldGen       total 86528K, used 86368K [0x0000000080000000, 0x0000000085480000, 0x00000000d5580000)
  object space 86528K, 99% used [0x0000000080000000,0x00000000854580f0,0x0000000085480000)
 Metaspace       used 73167K, committed 74880K, reserved 1179648K
  class space    used 7770K, committed 8512K, reserved 1048576K
}
Event: 91.801 GC heap after
{Heap after GC invocations=128 (full 3):
 PSYoungGen      total 12800K, used 1302K [0x00000000d5580000, 0x00000000d6480000, 0x0000000100000000)
  eden space 11264K, 0% used [0x00000000d5580000,0x00000000d5580000,0x00000000d6080000)
  from space 1536K, 84% used [0x00000000d6180000,0x00000000d62c5a20,0x00000000d6300000)
  to   space 1536K, 0% used [0x00000000d6300000,0x00000000d6300000,0x00000000d6480000)
 ParOldGen       total 87040K, used 86779K [0x0000000080000000, 0x0000000085500000, 0x00000000d5580000)
  object space 87040K, 99% used [0x0000000080000000,0x00000000854bed78,0x0000000085500000)
 Metaspace       used 73167K, committed 74880K, reserved 1179648K
  class space    used 7770K, committed 8512K, reserved 1048576K
}
Event: 92.380 GC heap before
{Heap before GC invocations=129 (full 3):
 PSYoungGen      total 12800K, used 12564K [0x00000000d5580000, 0x00000000d6480000, 0x0000000100000000)
  eden space 11264K, 99% used [0x00000000d5580000,0x00000000d607f708,0x00000000d6080000)
  from space 1536K, 84% used [0x00000000d6180000,0x00000000d62c5a20,0x00000000d6300000)
  to   space 1536K, 0% used [0x00000000d6300000,0x00000000d6300000,0x00000000d6480000)
 ParOldGen       total 87040K, used 86779K [0x0000000080000000, 0x0000000085500000, 0x00000000d5580000)
  object space 87040K, 99% used [0x0000000080000000,0x00000000854bed78,0x0000000085500000)
 Metaspace       used 73187K, committed 74880K, reserved 1179648K
  class space    used 7771K, committed 8512K, reserved 1048576K
}
Event: 92.385 GC heap after
{Heap after GC invocations=129 (full 3):
 PSYoungGen      total 11264K, used 1527K [0x00000000d5580000, 0x00000000d6880000, 0x0000000100000000)
  eden space 9728K, 0% used [0x00000000d5580000,0x00000000d5580000,0x00000000d5f00000)
  from space 1536K, 99% used [0x00000000d6300000,0x00000000d647dc08,0x00000000d6480000)
  to   space 4096K, 0% used [0x00000000d5f00000,0x00000000d5f00000,0x00000000d6300000)
 ParOldGen       total 89088K, used 88791K [0x0000000080000000, 0x0000000085700000, 0x00000000d5580000)
  object space 89088K, 99% used [0x0000000080000000,0x00000000856b5c98,0x0000000085700000)
 Metaspace       used 73187K, committed 74880K, reserved 1179648K
  class space    used 7771K, committed 8512K, reserved 1048576K
}
Event: 94.570 GC heap before
{Heap before GC invocations=130 (full 3):
 PSYoungGen      total 11264K, used 11255K [0x00000000d5580000, 0x00000000d6880000, 0x0000000100000000)
  eden space 9728K, 100% used [0x00000000d5580000,0x00000000d5f00000,0x00000000d5f00000)
  from space 1536K, 99% used [0x00000000d6300000,0x00000000d647dc08,0x00000000d6480000)
  to   space 4096K, 0% used [0x00000000d5f00000,0x00000000d5f00000,0x00000000d6300000)
 ParOldGen       total 89088K, used 88791K [0x0000000080000000, 0x0000000085700000, 0x00000000d5580000)
  object space 89088K, 99% used [0x0000000080000000,0x00000000856b5c98,0x0000000085700000)
 Metaspace       used 73328K, committed 75008K, reserved 1179648K
  class space    used 7801K, committed 8512K, reserved 1048576K
}
Event: 94.583 GC heap after
{Heap after GC invocations=130 (full 3):
 PSYoungGen      total 13824K, used 3723K [0x00000000d5580000, 0x00000000d6700000, 0x0000000100000000)
  eden space 9728K, 0% used [0x00000000d5580000,0x00000000d5580000,0x00000000d5f00000)
  from space 4096K, 90% used [0x00000000d5f00000,0x00000000d62a2c30,0x00000000d6300000)
  to   space 4096K, 0% used [0x00000000d6300000,0x00000000d6300000,0x00000000d6700000)
 ParOldGen       total 90624K, used 90287K [0x0000000080000000, 0x0000000085880000, 0x00000000d5580000)
  object space 90624K, 99% used [0x0000000080000000,0x000000008582bd78,0x0000000085880000)
 Metaspace       used 73328K, committed 75008K, reserved 1179648K
  class space    used 7801K, committed 8512K, reserved 1048576K
}
Event: 2159.407 GC heap before
{Heap before GC invocations=131 (full 3):
 PSYoungGen      total 13824K, used 13451K [0x00000000d5580000, 0x00000000d6700000, 0x0000000100000000)
  eden space 9728K, 100% used [0x00000000d5580000,0x00000000d5f00000,0x00000000d5f00000)
  from space 4096K, 90% used [0x00000000d5f00000,0x00000000d62a2c30,0x00000000d6300000)
  to   space 4096K, 0% used [0x00000000d6300000,0x00000000d6300000,0x00000000d6700000)
 ParOldGen       total 90624K, used 90287K [0x0000000080000000, 0x0000000085880000, 0x00000000d5580000)
  object space 90624K, 99% used [0x0000000080000000,0x000000008582bd78,0x0000000085880000)
 Metaspace       used 73918K, committed 75648K, reserved 1179648K
  class space    used 7878K, committed 8640K, reserved 1048576K
}
Event: 2159.610 GC heap after
{Heap after GC invocations=131 (full 3):
 PSYoungGen      total 10752K, used 576K [0x00000000d5580000, 0x00000000d6400000, 0x0000000100000000)
  eden space 9728K, 0% used [0x00000000d5580000,0x00000000d5580000,0x00000000d5f00000)
  from space 1024K, 56% used [0x00000000d6300000,0x00000000d6390000,0x00000000d6400000)
  to   space 2048K, 0% used [0x00000000d6000000,0x00000000d6000000,0x00000000d6200000)
 ParOldGen       total 91136K, used 91007K [0x0000000080000000, 0x0000000085900000, 0x00000000d5580000)
  object space 91136K, 99% used [0x0000000080000000,0x00000000858dfd78,0x0000000085900000)
 Metaspace       used 73918K, committed 75648K, reserved 1179648K
  class space    used 7878K, committed 8640K, reserved 1048576K
}
Event: 2163.074 GC heap before
{Heap before GC invocations=132 (full 3):
 PSYoungGen      total 10752K, used 10304K [0x00000000d5580000, 0x00000000d6400000, 0x0000000100000000)
  eden space 9728K, 100% used [0x00000000d5580000,0x00000000d5f00000,0x00000000d5f00000)
  from space 1024K, 56% used [0x00000000d6300000,0x00000000d6390000,0x00000000d6400000)
  to   space 2048K, 0% used [0x00000000d6000000,0x00000000d6000000,0x00000000d6200000)
 ParOldGen       total 91136K, used 91007K [0x0000000080000000, 0x0000000085900000, 0x00000000d5580000)
  object space 91136K, 99% used [0x0000000080000000,0x00000000858dfd78,0x0000000085900000)
 Metaspace       used 73992K, committed 75712K, reserved 1179648K
  class space    used 7888K, committed 8640K, reserved 1048576K
}
Event: 2163.081 GC heap after
{Heap after GC invocations=132 (full 3):
 PSYoungGen      total 11776K, used 256K [0x00000000d5580000, 0x00000000d6380000, 0x0000000100000000)
  eden space 9728K, 0% used [0x00000000d5580000,0x00000000d5580000,0x00000000d5f00000)
  from space 2048K, 12% used [0x00000000d6000000,0x00000000d6040020,0x00000000d6200000)
  to   space 1024K, 0% used [0x00000000d6280000,0x00000000d6280000,0x00000000d6380000)
 ParOldGen       total 91648K, used 91535K [0x0000000080000000, 0x0000000085980000, 0x00000000d5580000)
  object space 91648K, 99% used [0x0000000080000000,0x0000000085963d78,0x0000000085980000)
 Metaspace       used 73992K, committed 75712K, reserved 1179648K
  class space    used 7888K, committed 8640K, reserved 1048576K
}
Event: 2166.070 GC heap before
{Heap before GC invocations=133 (full 3):
 PSYoungGen      total 11776K, used 9984K [0x00000000d5580000, 0x00000000d6380000, 0x0000000100000000)
  eden space 9728K, 100% used [0x00000000d5580000,0x00000000d5f00000,0x00000000d5f00000)
  from space 2048K, 12% used [0x00000000d6000000,0x00000000d6040020,0x00000000d6200000)
  to   space 1024K, 0% used [0x00000000d6280000,0x00000000d6280000,0x00000000d6380000)
 ParOldGen       total 91648K, used 91535K [0x0000000080000000, 0x0000000085980000, 0x00000000d5580000)
  object space 91648K, 99% used [0x0000000080000000,0x0000000085963d78,0x0000000085980000)
 Metaspace       used 75201K, committed 76928K, reserved 1179648K
  class space    used 8011K, committed 8768K, reserved 1048576K
}
Event: 2166.077 GC heap after
{Heap after GC invocations=133 (full 3):
 PSYoungGen      total 10240K, used 337K [0x00000000d5580000, 0x00000000d6300000, 0x0000000100000000)
  eden space 9728K, 0% used [0x00000000d5580000,0x00000000d5580000,0x00000000d5f00000)
  from space 512K, 65% used [0x00000000d6280000,0x00000000d62d45c8,0x00000000d6300000)
  to   space 512K, 0% used [0x00000000d6200000,0x00000000d6200000,0x00000000d6280000)
 ParOldGen       total 91648K, used 91647K [0x0000000080000000, 0x0000000085980000, 0x00000000d5580000)
  object space 91648K, 99% used [0x0000000080000000,0x000000008597fda8,0x0000000085980000)
 Metaspace       used 75201K, committed 76928K, reserved 1179648K
  class space    used 8011K, committed 8768K, reserved 1048576K
}
Event: 2167.409 GC heap before
{Heap before GC invocations=134 (full 3):
 PSYoungGen      total 10240K, used 10065K [0x00000000d5580000, 0x00000000d6300000, 0x0000000100000000)
  eden space 9728K, 100% used [0x00000000d5580000,0x00000000d5f00000,0x00000000d5f00000)
  from space 512K, 65% used [0x00000000d6280000,0x00000000d62d45c8,0x00000000d6300000)
  to   space 512K, 0% used [0x00000000d6200000,0x00000000d6200000,0x00000000d6280000)
 ParOldGen       total 91648K, used 91647K [0x0000000080000000, 0x0000000085980000, 0x00000000d5580000)
  object space 91648K, 99% used [0x0000000080000000,0x000000008597fda8,0x0000000085980000)
 Metaspace       used 76168K, committed 77952K, reserved 1179648K
  class space    used 8196K, committed 8960K, reserved 1048576K
}
Event: 2167.412 GC heap after
{Heap after GC invocations=134 (full 3):
 PSYoungGen      total 10240K, used 240K [0x00000000d5580000, 0x00000000d6300000, 0x0000000100000000)
  eden space 9728K, 0% used [0x00000000d5580000,0x00000000d5580000,0x00000000d5f00000)
  from space 512K, 46% used [0x00000000d6200000,0x00000000d623c010,0x00000000d6280000)
  to   space 512K, 0% used [0x00000000d6280000,0x00000000d6280000,0x00000000d6300000)
 ParOldGen       total 92160K, used 91902K [0x0000000080000000, 0x0000000085a00000, 0x00000000d5580000)
  object space 92160K, 99% used [0x0000000080000000,0x00000000859bf988,0x0000000085a00000)
 Metaspace       used 76168K, committed 77952K, reserved 1179648K
  class space    used 8196K, committed 8960K, reserved 1048576K
}
Event: 2239.578 GC heap before
{Heap before GC invocations=135 (full 3):
 PSYoungGen      total 10240K, used 9901K [0x00000000d5580000, 0x00000000d6300000, 0x0000000100000000)
  eden space 9728K, 99% used [0x00000000d5580000,0x00000000d5eef3f0,0x00000000d5f00000)
  from space 512K, 46% used [0x00000000d6200000,0x00000000d623c010,0x00000000d6280000)
  to   space 512K, 0% used [0x00000000d6280000,0x00000000d6280000,0x00000000d6300000)
 ParOldGen       total 92160K, used 91902K [0x0000000080000000, 0x0000000085a00000, 0x00000000d5580000)
  object space 92160K, 99% used [0x0000000080000000,0x00000000859bf988,0x0000000085a00000)
 Metaspace       used 76871K, committed 78656K, reserved 1179648K
  class space    used 8293K, committed 9088K, reserved 1048576K
}
Event: 2239.697 GC heap after
{Heap after GC invocations=135 (full 3):
 PSYoungGen      total 10240K, used 498K [0x00000000d5580000, 0x00000000d6400000, 0x0000000100000000)
  eden space 9728K, 0% used [0x00000000d5580000,0x00000000d5580000,0x00000000d5f00000)
  from space 512K, 97% used [0x00000000d6280000,0x00000000d62fcba0,0x00000000d6300000)
  to   space 2560K, 0% used [0x00000000d5f00000,0x00000000d5f00000,0x00000000d6180000)
 ParOldGen       total 93696K, used 93462K [0x0000000080000000, 0x0000000085b80000, 0x00000000d5580000)
  object space 93696K, 99% used [0x0000000080000000,0x0000000085b458d8,0x0000000085b80000)
 Metaspace       used 76871K, committed 78656K, reserved 1179648K
  class space    used 8293K, committed 9088K, reserved 1048576K
}

